#
# There is insufficient memory for the Java Runtime Environment to continue.
# Native memory allocation (malloc) failed to allocate 260496 bytes. Error detail: Chunk::new
# Possible reasons:
#   The system is out of physical RAM or swap space
#   This process is running with CompressedOops enabled, and the Java Heap may be blocking the growth of the native heap
# Possible solutions:
#   Reduce memory load on the system
#   Increase physical memory or swap space
#   Check if swap backing store is full
#   Decrease Java heap size (-Xmx/-Xms)
#   Decrease number of Java threads
#   Decrease Java thread stack sizes (-Xss)
#   Set larger code cache with -XX:ReservedCodeCacheSize=
#   JVM is running with Zero Based Compressed Oops mode in which the Java heap is
#     placed in the first 32GB address space. The Java Heap base address is the
#     maximum limit for the native heap growth. Please use -XX:HeapBaseMinAddress
#     to set the Java Heap base and to place the Java Heap above 32GB virtual address.
# This output file may be truncated or incomplete.
#
#  Out of Memory Error (arena.cpp:168), pid=14556, tid=16148
#
# JRE version: OpenJDK Runtime Environment (21.0.6) (build 21.0.6+-13355223-b631.42)
# Java VM: OpenJDK 64-Bit Server VM (21.0.6+-13355223-b631.42, mixed mode, tiered, compressed oops, compressed class ptrs, g1 gc, windows-amd64)
# No core dump will be written. Minidumps are not enabled by default on client versions of Windows
#

---------------  S U M M A R Y ------------

Command Line: git4idea.http.GitAskPassApp Username for 'https://github.com': 

Host: Intel(R) Core(TM) i5-4460  CPU @ 3.20GHz, 4 cores, 15G,  Windows 10 , 64 bit Build 19041 (10.0.19041.5678)
Time: Fri May  2 15:07:35 2025 South Africa Standard Time elapsed time: 0.499182 seconds (0d 0h 0m 0s)

---------------  T H R E A D  ---------------

Current thread (0x000002d936085580):  JavaThread "C2 CompilerThread0" daemon [_thread_in_native, id=16148, stack(0x000000fca9b00000,0x000000fca9c00000) (1024K)]


Current CompileTask:
C2:499  947   !   4       java.util.concurrent.ConcurrentHashMap::putVal (432 bytes)

Stack: [0x000000fca9b00000,0x000000fca9c00000]
Native frames: (J=compiled Java code, j=interpreted, Vv=VM code, C=native code)
V  [jvm.dll+0x6d05a9]
V  [jvm.dll+0x85ea73]
V  [jvm.dll+0x860fce]
V  [jvm.dll+0x8616b3]
V  [jvm.dll+0x27e6e6]
V  [jvm.dll+0xbff6d]
V  [jvm.dll+0xc04a3]
V  [jvm.dll+0x3b616b]
V  [jvm.dll+0x382097]
V  [jvm.dll+0x38150a]
V  [jvm.dll+0x247c82]
V  [jvm.dll+0x247251]
V  [jvm.dll+0x1c5f04]
V  [jvm.dll+0x2569ac]
V  [jvm.dll+0x254ef6]
V  [jvm.dll+0x3f0e56]
V  [jvm.dll+0x806e48]
V  [jvm.dll+0x6cee7d]
C  [ucrtbase.dll+0x21bb2]
C  [KERNEL32.DLL+0x17374]
C  [ntdll.dll+0x4cc91]


---------------  P R O C E S S  ---------------

Threads class SMR info:
_java_thread_list=0x000002d936791c70, length=14, elements={
0x000002d9185f3720, 0x000002d93606d850, 0x000002d93606e3a0, 0x000002d93606f190,
0x000002d93606fbe0, 0x000002d93609fe30, 0x000002d936084800, 0x000002d936085580,
0x000002d9360a6180, 0x000002d93623cfd0, 0x000002d93623ec10, 0x000002d936759240,
0x000002d936785e50, 0x000002d9367b8110
}

Java Threads: ( => current thread )
  0x000002d9185f3720 JavaThread "main"                              [_thread_blocked, id=18616, stack(0x000000fca8d00000,0x000000fca8e00000) (1024K)]
  0x000002d93606d850 JavaThread "Reference Handler"          daemon [_thread_blocked, id=10560, stack(0x000000fca9500000,0x000000fca9600000) (1024K)]
  0x000002d93606e3a0 JavaThread "Finalizer"                  daemon [_thread_blocked, id=8824, stack(0x000000fca9600000,0x000000fca9700000) (1024K)]
  0x000002d93606f190 JavaThread "Signal Dispatcher"          daemon [_thread_blocked, id=1580, stack(0x000000fca9700000,0x000000fca9800000) (1024K)]
  0x000002d93606fbe0 JavaThread "Attach Listener"            daemon [_thread_blocked, id=15180, stack(0x000000fca9800000,0x000000fca9900000) (1024K)]
  0x000002d93609fe30 JavaThread "Service Thread"             daemon [_thread_blocked, id=3876, stack(0x000000fca9900000,0x000000fca9a00000) (1024K)]
  0x000002d936084800 JavaThread "Monitor Deflation Thread"   daemon [_thread_blocked, id=18260, stack(0x000000fca9a00000,0x000000fca9b00000) (1024K)]
=>0x000002d936085580 JavaThread "C2 CompilerThread0"         daemon [_thread_in_native, id=16148, stack(0x000000fca9b00000,0x000000fca9c00000) (1024K)]
  0x000002d9360a6180 JavaThread "C1 CompilerThread0"         daemon [_thread_blocked, id=8252, stack(0x000000fca9c00000,0x000000fca9d00000) (1024K)]
  0x000002d93623cfd0 JavaThread "Notification Thread"        daemon [_thread_blocked, id=18100, stack(0x000000fca9d00000,0x000000fca9e00000) (1024K)]
  0x000002d93623ec10 JavaThread "Common-Cleaner"             daemon [_thread_blocked, id=5640, stack(0x000000fca9e00000,0x000000fca9f00000) (1024K)]
  0x000002d936759240 JavaThread "HttpClient-1-SelectorManager" daemon [_thread_in_native, id=19852, stack(0x000000fca9f00000,0x000000fcaa000000) (1024K)]
  0x000002d936785e50 JavaThread "HttpClient-1-Worker-0"      daemon [_thread_in_vm, id=5876, stack(0x000000fcaa100000,0x000000fcaa200000) (1024K)]
  0x000002d9367b8110 JavaThread "HttpClient-1-Worker-1"      daemon [_thread_blocked, id=7876, stack(0x000000fcaa200000,0x000000fcaa300000) (1024K)]
Total: 14

Other Threads:
  0x000002d931c16a40 VMThread "VM Thread"                           [id=19180, stack(0x000000fca9400000,0x000000fca9500000) (1024K)]
  0x000002d931bcbb90 WatcherThread "VM Periodic Task Thread"        [id=7780, stack(0x000000fca9300000,0x000000fca9400000) (1024K)]
  0x000002d918657720 WorkerThread "GC Thread#0"                     [id=17156, stack(0x000000fca8e00000,0x000000fca8f00000) (1024K)]
  0x000002d918668850 ConcurrentGCThread "G1 Main Marker"            [id=20212, stack(0x000000fca8f00000,0x000000fca9000000) (1024K)]
  0x000002d918669af0 WorkerThread "G1 Conc#0"                       [id=13532, stack(0x000000fca9000000,0x000000fca9100000) (1024K)]
  0x000002d931a87500 ConcurrentGCThread "G1 Refine#0"               [id=7928, stack(0x000000fca9100000,0x000000fca9200000) (1024K)]
  0x000002d931a89d40 ConcurrentGCThread "G1 Service"                [id=20176, stack(0x000000fca9200000,0x000000fca9300000) (1024K)]
Total: 7

Threads with active compile tasks:
C2 CompilerThread0  542  947   !   4       java.util.concurrent.ConcurrentHashMap::putVal (432 bytes)
Total: 1

VM state: not at safepoint (normal execution)

VM Mutex/Monitor currently owned by a thread:  ([mutex/lock_event])
[0x00007fff7635c1a0] Metaspace_lock - owner thread: 0x000002d936785e50

Heap address: 0x0000000700e00000, size: 4082 MB, Compressed Oops mode: Zero based, Oop shift amount: 3

CDS archive(s) not mapped
Compressed class space mapped at: 0x0000000800000000-0x0000000840000000, reserved size: 1073741824
Narrow klass base: 0x0000000800000000, Narrow klass shift: 0, Narrow klass range: 0x40000000

GC Precious Log:
 CardTable entry size: 512
 Card Set container configuration: InlinePtr #cards 4 size 8 Array Of Cards #cards 16 size 48 Howl #buckets 8 coarsen threshold 3686 Howl Bitmap #cards 512 size 80 coarsen threshold 460 Card regions per heap region 1 cards per card region 4096
 CPUs: 4 total, 4 available
 Memory: 16322M
 Large Page Support: Disabled
 NUMA Support: Disabled
 Compressed Oops: Enabled (Zero based)
 Heap Region Size: 2M
 Heap Min Capacity: 8M
 Heap Initial Capacity: 256M
 Heap Max Capacity: 4082M
 Pre-touch: Disabled
 Parallel Workers: 4
 Concurrent Workers: 1
 Concurrent Refinement Workers: 4
 Periodic GC: Disabled

Heap:
 garbage-first heap   total 262144K, used 10240K [0x0000000700e00000, 0x0000000800000000)
  region size 2048K, 6 young (12288K), 0 survivors (0K)
 Metaspace       used 15321K, committed 15552K, reserved 1114112K
  class space    used 1610K, committed 1728K, reserved 1048576K

Heap Regions: E=young(eden), S=young(survivor), O=old, HS=humongous(starts), HC=humongous(continues), CS=collection set, F=free, TAMS=top-at-mark-start, PB=parsable bottom
|   0|0x0000000700e00000, 0x0000000700e00000, 0x0000000701000000|  0%| F|  |TAMS 0x0000000700e00000| PB 0x0000000700e00000| Untracked 
|   1|0x0000000701000000, 0x0000000701000000, 0x0000000701200000|  0%| F|  |TAMS 0x0000000701000000| PB 0x0000000701000000| Untracked 
|   2|0x0000000701200000, 0x0000000701200000, 0x0000000701400000|  0%| F|  |TAMS 0x0000000701200000| PB 0x0000000701200000| Untracked 
|   3|0x0000000701400000, 0x0000000701400000, 0x0000000701600000|  0%| F|  |TAMS 0x0000000701400000| PB 0x0000000701400000| Untracked 
|   4|0x0000000701600000, 0x0000000701600000, 0x0000000701800000|  0%| F|  |TAMS 0x0000000701600000| PB 0x0000000701600000| Untracked 
|   5|0x0000000701800000, 0x0000000701800000, 0x0000000701a00000|  0%| F|  |TAMS 0x0000000701800000| PB 0x0000000701800000| Untracked 
|   6|0x0000000701a00000, 0x0000000701a00000, 0x0000000701c00000|  0%| F|  |TAMS 0x0000000701a00000| PB 0x0000000701a00000| Untracked 
|   7|0x0000000701c00000, 0x0000000701c00000, 0x0000000701e00000|  0%| F|  |TAMS 0x0000000701c00000| PB 0x0000000701c00000| Untracked 
|   8|0x0000000701e00000, 0x0000000701e00000, 0x0000000702000000|  0%| F|  |TAMS 0x0000000701e00000| PB 0x0000000701e00000| Untracked 
|   9|0x0000000702000000, 0x0000000702000000, 0x0000000702200000|  0%| F|  |TAMS 0x0000000702000000| PB 0x0000000702000000| Untracked 
|  10|0x0000000702200000, 0x0000000702200000, 0x0000000702400000|  0%| F|  |TAMS 0x0000000702200000| PB 0x0000000702200000| Untracked 
|  11|0x0000000702400000, 0x0000000702400000, 0x0000000702600000|  0%| F|  |TAMS 0x0000000702400000| PB 0x0000000702400000| Untracked 
|  12|0x0000000702600000, 0x0000000702600000, 0x0000000702800000|  0%| F|  |TAMS 0x0000000702600000| PB 0x0000000702600000| Untracked 
|  13|0x0000000702800000, 0x0000000702800000, 0x0000000702a00000|  0%| F|  |TAMS 0x0000000702800000| PB 0x0000000702800000| Untracked 
|  14|0x0000000702a00000, 0x0000000702a00000, 0x0000000702c00000|  0%| F|  |TAMS 0x0000000702a00000| PB 0x0000000702a00000| Untracked 
|  15|0x0000000702c00000, 0x0000000702c00000, 0x0000000702e00000|  0%| F|  |TAMS 0x0000000702c00000| PB 0x0000000702c00000| Untracked 
|  16|0x0000000702e00000, 0x0000000702e00000, 0x0000000703000000|  0%| F|  |TAMS 0x0000000702e00000| PB 0x0000000702e00000| Untracked 
|  17|0x0000000703000000, 0x0000000703000000, 0x0000000703200000|  0%| F|  |TAMS 0x0000000703000000| PB 0x0000000703000000| Untracked 
|  18|0x0000000703200000, 0x0000000703200000, 0x0000000703400000|  0%| F|  |TAMS 0x0000000703200000| PB 0x0000000703200000| Untracked 
|  19|0x0000000703400000, 0x0000000703400000, 0x0000000703600000|  0%| F|  |TAMS 0x0000000703400000| PB 0x0000000703400000| Untracked 
|  20|0x0000000703600000, 0x0000000703600000, 0x0000000703800000|  0%| F|  |TAMS 0x0000000703600000| PB 0x0000000703600000| Untracked 
|  21|0x0000000703800000, 0x0000000703800000, 0x0000000703a00000|  0%| F|  |TAMS 0x0000000703800000| PB 0x0000000703800000| Untracked 
|  22|0x0000000703a00000, 0x0000000703a00000, 0x0000000703c00000|  0%| F|  |TAMS 0x0000000703a00000| PB 0x0000000703a00000| Untracked 
|  23|0x0000000703c00000, 0x0000000703c00000, 0x0000000703e00000|  0%| F|  |TAMS 0x0000000703c00000| PB 0x0000000703c00000| Untracked 
|  24|0x0000000703e00000, 0x0000000703e00000, 0x0000000704000000|  0%| F|  |TAMS 0x0000000703e00000| PB 0x0000000703e00000| Untracked 
|  25|0x0000000704000000, 0x0000000704000000, 0x0000000704200000|  0%| F|  |TAMS 0x0000000704000000| PB 0x0000000704000000| Untracked 
|  26|0x0000000704200000, 0x0000000704200000, 0x0000000704400000|  0%| F|  |TAMS 0x0000000704200000| PB 0x0000000704200000| Untracked 
|  27|0x0000000704400000, 0x0000000704400000, 0x0000000704600000|  0%| F|  |TAMS 0x0000000704400000| PB 0x0000000704400000| Untracked 
|  28|0x0000000704600000, 0x0000000704600000, 0x0000000704800000|  0%| F|  |TAMS 0x0000000704600000| PB 0x0000000704600000| Untracked 
|  29|0x0000000704800000, 0x0000000704800000, 0x0000000704a00000|  0%| F|  |TAMS 0x0000000704800000| PB 0x0000000704800000| Untracked 
|  30|0x0000000704a00000, 0x0000000704a00000, 0x0000000704c00000|  0%| F|  |TAMS 0x0000000704a00000| PB 0x0000000704a00000| Untracked 
|  31|0x0000000704c00000, 0x0000000704c00000, 0x0000000704e00000|  0%| F|  |TAMS 0x0000000704c00000| PB 0x0000000704c00000| Untracked 
|  32|0x0000000704e00000, 0x0000000704e00000, 0x0000000705000000|  0%| F|  |TAMS 0x0000000704e00000| PB 0x0000000704e00000| Untracked 
|  33|0x0000000705000000, 0x0000000705000000, 0x0000000705200000|  0%| F|  |TAMS 0x0000000705000000| PB 0x0000000705000000| Untracked 
|  34|0x0000000705200000, 0x0000000705200000, 0x0000000705400000|  0%| F|  |TAMS 0x0000000705200000| PB 0x0000000705200000| Untracked 
|  35|0x0000000705400000, 0x0000000705400000, 0x0000000705600000|  0%| F|  |TAMS 0x0000000705400000| PB 0x0000000705400000| Untracked 
|  36|0x0000000705600000, 0x0000000705600000, 0x0000000705800000|  0%| F|  |TAMS 0x0000000705600000| PB 0x0000000705600000| Untracked 
|  37|0x0000000705800000, 0x0000000705800000, 0x0000000705a00000|  0%| F|  |TAMS 0x0000000705800000| PB 0x0000000705800000| Untracked 
|  38|0x0000000705a00000, 0x0000000705a00000, 0x0000000705c00000|  0%| F|  |TAMS 0x0000000705a00000| PB 0x0000000705a00000| Untracked 
|  39|0x0000000705c00000, 0x0000000705c00000, 0x0000000705e00000|  0%| F|  |TAMS 0x0000000705c00000| PB 0x0000000705c00000| Untracked 
|  40|0x0000000705e00000, 0x0000000705e00000, 0x0000000706000000|  0%| F|  |TAMS 0x0000000705e00000| PB 0x0000000705e00000| Untracked 
|  41|0x0000000706000000, 0x0000000706000000, 0x0000000706200000|  0%| F|  |TAMS 0x0000000706000000| PB 0x0000000706000000| Untracked 
|  42|0x0000000706200000, 0x0000000706200000, 0x0000000706400000|  0%| F|  |TAMS 0x0000000706200000| PB 0x0000000706200000| Untracked 
|  43|0x0000000706400000, 0x0000000706400000, 0x0000000706600000|  0%| F|  |TAMS 0x0000000706400000| PB 0x0000000706400000| Untracked 
|  44|0x0000000706600000, 0x0000000706600000, 0x0000000706800000|  0%| F|  |TAMS 0x0000000706600000| PB 0x0000000706600000| Untracked 
|  45|0x0000000706800000, 0x0000000706800000, 0x0000000706a00000|  0%| F|  |TAMS 0x0000000706800000| PB 0x0000000706800000| Untracked 
|  46|0x0000000706a00000, 0x0000000706a00000, 0x0000000706c00000|  0%| F|  |TAMS 0x0000000706a00000| PB 0x0000000706a00000| Untracked 
|  47|0x0000000706c00000, 0x0000000706c00000, 0x0000000706e00000|  0%| F|  |TAMS 0x0000000706c00000| PB 0x0000000706c00000| Untracked 
|  48|0x0000000706e00000, 0x0000000706e00000, 0x0000000707000000|  0%| F|  |TAMS 0x0000000706e00000| PB 0x0000000706e00000| Untracked 
|  49|0x0000000707000000, 0x0000000707000000, 0x0000000707200000|  0%| F|  |TAMS 0x0000000707000000| PB 0x0000000707000000| Untracked 
|  50|0x0000000707200000, 0x0000000707200000, 0x0000000707400000|  0%| F|  |TAMS 0x0000000707200000| PB 0x0000000707200000| Untracked 
|  51|0x0000000707400000, 0x0000000707400000, 0x0000000707600000|  0%| F|  |TAMS 0x0000000707400000| PB 0x0000000707400000| Untracked 
|  52|0x0000000707600000, 0x0000000707600000, 0x0000000707800000|  0%| F|  |TAMS 0x0000000707600000| PB 0x0000000707600000| Untracked 
|  53|0x0000000707800000, 0x0000000707800000, 0x0000000707a00000|  0%| F|  |TAMS 0x0000000707800000| PB 0x0000000707800000| Untracked 
|  54|0x0000000707a00000, 0x0000000707a00000, 0x0000000707c00000|  0%| F|  |TAMS 0x0000000707a00000| PB 0x0000000707a00000| Untracked 
|  55|0x0000000707c00000, 0x0000000707c00000, 0x0000000707e00000|  0%| F|  |TAMS 0x0000000707c00000| PB 0x0000000707c00000| Untracked 
|  56|0x0000000707e00000, 0x0000000707e00000, 0x0000000708000000|  0%| F|  |TAMS 0x0000000707e00000| PB 0x0000000707e00000| Untracked 
|  57|0x0000000708000000, 0x0000000708000000, 0x0000000708200000|  0%| F|  |TAMS 0x0000000708000000| PB 0x0000000708000000| Untracked 
|  58|0x0000000708200000, 0x0000000708200000, 0x0000000708400000|  0%| F|  |TAMS 0x0000000708200000| PB 0x0000000708200000| Untracked 
|  59|0x0000000708400000, 0x0000000708400000, 0x0000000708600000|  0%| F|  |TAMS 0x0000000708400000| PB 0x0000000708400000| Untracked 
|  60|0x0000000708600000, 0x0000000708600000, 0x0000000708800000|  0%| F|  |TAMS 0x0000000708600000| PB 0x0000000708600000| Untracked 
|  61|0x0000000708800000, 0x0000000708800000, 0x0000000708a00000|  0%| F|  |TAMS 0x0000000708800000| PB 0x0000000708800000| Untracked 
|  62|0x0000000708a00000, 0x0000000708a00000, 0x0000000708c00000|  0%| F|  |TAMS 0x0000000708a00000| PB 0x0000000708a00000| Untracked 
|  63|0x0000000708c00000, 0x0000000708c00000, 0x0000000708e00000|  0%| F|  |TAMS 0x0000000708c00000| PB 0x0000000708c00000| Untracked 
|  64|0x0000000708e00000, 0x0000000708e00000, 0x0000000709000000|  0%| F|  |TAMS 0x0000000708e00000| PB 0x0000000708e00000| Untracked 
|  65|0x0000000709000000, 0x0000000709000000, 0x0000000709200000|  0%| F|  |TAMS 0x0000000709000000| PB 0x0000000709000000| Untracked 
|  66|0x0000000709200000, 0x0000000709200000, 0x0000000709400000|  0%| F|  |TAMS 0x0000000709200000| PB 0x0000000709200000| Untracked 
|  67|0x0000000709400000, 0x0000000709400000, 0x0000000709600000|  0%| F|  |TAMS 0x0000000709400000| PB 0x0000000709400000| Untracked 
|  68|0x0000000709600000, 0x0000000709600000, 0x0000000709800000|  0%| F|  |TAMS 0x0000000709600000| PB 0x0000000709600000| Untracked 
|  69|0x0000000709800000, 0x0000000709800000, 0x0000000709a00000|  0%| F|  |TAMS 0x0000000709800000| PB 0x0000000709800000| Untracked 
|  70|0x0000000709a00000, 0x0000000709a00000, 0x0000000709c00000|  0%| F|  |TAMS 0x0000000709a00000| PB 0x0000000709a00000| Untracked 
|  71|0x0000000709c00000, 0x0000000709c00000, 0x0000000709e00000|  0%| F|  |TAMS 0x0000000709c00000| PB 0x0000000709c00000| Untracked 
|  72|0x0000000709e00000, 0x0000000709e00000, 0x000000070a000000|  0%| F|  |TAMS 0x0000000709e00000| PB 0x0000000709e00000| Untracked 
|  73|0x000000070a000000, 0x000000070a000000, 0x000000070a200000|  0%| F|  |TAMS 0x000000070a000000| PB 0x000000070a000000| Untracked 
|  74|0x000000070a200000, 0x000000070a200000, 0x000000070a400000|  0%| F|  |TAMS 0x000000070a200000| PB 0x000000070a200000| Untracked 
|  75|0x000000070a400000, 0x000000070a400000, 0x000000070a600000|  0%| F|  |TAMS 0x000000070a400000| PB 0x000000070a400000| Untracked 
|  76|0x000000070a600000, 0x000000070a600000, 0x000000070a800000|  0%| F|  |TAMS 0x000000070a600000| PB 0x000000070a600000| Untracked 
|  77|0x000000070a800000, 0x000000070a800000, 0x000000070aa00000|  0%| F|  |TAMS 0x000000070a800000| PB 0x000000070a800000| Untracked 
|  78|0x000000070aa00000, 0x000000070aa00000, 0x000000070ac00000|  0%| F|  |TAMS 0x000000070aa00000| PB 0x000000070aa00000| Untracked 
|  79|0x000000070ac00000, 0x000000070ac00000, 0x000000070ae00000|  0%| F|  |TAMS 0x000000070ac00000| PB 0x000000070ac00000| Untracked 
|  80|0x000000070ae00000, 0x000000070ae00000, 0x000000070b000000|  0%| F|  |TAMS 0x000000070ae00000| PB 0x000000070ae00000| Untracked 
|  81|0x000000070b000000, 0x000000070b000000, 0x000000070b200000|  0%| F|  |TAMS 0x000000070b000000| PB 0x000000070b000000| Untracked 
|  82|0x000000070b200000, 0x000000070b200000, 0x000000070b400000|  0%| F|  |TAMS 0x000000070b200000| PB 0x000000070b200000| Untracked 
|  83|0x000000070b400000, 0x000000070b400000, 0x000000070b600000|  0%| F|  |TAMS 0x000000070b400000| PB 0x000000070b400000| Untracked 
|  84|0x000000070b600000, 0x000000070b600000, 0x000000070b800000|  0%| F|  |TAMS 0x000000070b600000| PB 0x000000070b600000| Untracked 
|  85|0x000000070b800000, 0x000000070b800000, 0x000000070ba00000|  0%| F|  |TAMS 0x000000070b800000| PB 0x000000070b800000| Untracked 
|  86|0x000000070ba00000, 0x000000070ba00000, 0x000000070bc00000|  0%| F|  |TAMS 0x000000070ba00000| PB 0x000000070ba00000| Untracked 
|  87|0x000000070bc00000, 0x000000070bc00000, 0x000000070be00000|  0%| F|  |TAMS 0x000000070bc00000| PB 0x000000070bc00000| Untracked 
|  88|0x000000070be00000, 0x000000070be00000, 0x000000070c000000|  0%| F|  |TAMS 0x000000070be00000| PB 0x000000070be00000| Untracked 
|  89|0x000000070c000000, 0x000000070c000000, 0x000000070c200000|  0%| F|  |TAMS 0x000000070c000000| PB 0x000000070c000000| Untracked 
|  90|0x000000070c200000, 0x000000070c200000, 0x000000070c400000|  0%| F|  |TAMS 0x000000070c200000| PB 0x000000070c200000| Untracked 
|  91|0x000000070c400000, 0x000000070c400000, 0x000000070c600000|  0%| F|  |TAMS 0x000000070c400000| PB 0x000000070c400000| Untracked 
|  92|0x000000070c600000, 0x000000070c600000, 0x000000070c800000|  0%| F|  |TAMS 0x000000070c600000| PB 0x000000070c600000| Untracked 
|  93|0x000000070c800000, 0x000000070c800000, 0x000000070ca00000|  0%| F|  |TAMS 0x000000070c800000| PB 0x000000070c800000| Untracked 
|  94|0x000000070ca00000, 0x000000070ca00000, 0x000000070cc00000|  0%| F|  |TAMS 0x000000070ca00000| PB 0x000000070ca00000| Untracked 
|  95|0x000000070cc00000, 0x000000070cc00000, 0x000000070ce00000|  0%| F|  |TAMS 0x000000070cc00000| PB 0x000000070cc00000| Untracked 
|  96|0x000000070ce00000, 0x000000070ce00000, 0x000000070d000000|  0%| F|  |TAMS 0x000000070ce00000| PB 0x000000070ce00000| Untracked 
|  97|0x000000070d000000, 0x000000070d000000, 0x000000070d200000|  0%| F|  |TAMS 0x000000070d000000| PB 0x000000070d000000| Untracked 
|  98|0x000000070d200000, 0x000000070d200000, 0x000000070d400000|  0%| F|  |TAMS 0x000000070d200000| PB 0x000000070d200000| Untracked 
|  99|0x000000070d400000, 0x000000070d400000, 0x000000070d600000|  0%| F|  |TAMS 0x000000070d400000| PB 0x000000070d400000| Untracked 
| 100|0x000000070d600000, 0x000000070d600000, 0x000000070d800000|  0%| F|  |TAMS 0x000000070d600000| PB 0x000000070d600000| Untracked 
| 101|0x000000070d800000, 0x000000070d800000, 0x000000070da00000|  0%| F|  |TAMS 0x000000070d800000| PB 0x000000070d800000| Untracked 
| 102|0x000000070da00000, 0x000000070da00000, 0x000000070dc00000|  0%| F|  |TAMS 0x000000070da00000| PB 0x000000070da00000| Untracked 
| 103|0x000000070dc00000, 0x000000070dc00000, 0x000000070de00000|  0%| F|  |TAMS 0x000000070dc00000| PB 0x000000070dc00000| Untracked 
| 104|0x000000070de00000, 0x000000070de00000, 0x000000070e000000|  0%| F|  |TAMS 0x000000070de00000| PB 0x000000070de00000| Untracked 
| 105|0x000000070e000000, 0x000000070e000000, 0x000000070e200000|  0%| F|  |TAMS 0x000000070e000000| PB 0x000000070e000000| Untracked 
| 106|0x000000070e200000, 0x000000070e200000, 0x000000070e400000|  0%| F|  |TAMS 0x000000070e200000| PB 0x000000070e200000| Untracked 
| 107|0x000000070e400000, 0x000000070e400000, 0x000000070e600000|  0%| F|  |TAMS 0x000000070e400000| PB 0x000000070e400000| Untracked 
| 108|0x000000070e600000, 0x000000070e600000, 0x000000070e800000|  0%| F|  |TAMS 0x000000070e600000| PB 0x000000070e600000| Untracked 
| 109|0x000000070e800000, 0x000000070e800000, 0x000000070ea00000|  0%| F|  |TAMS 0x000000070e800000| PB 0x000000070e800000| Untracked 
| 110|0x000000070ea00000, 0x000000070ea00000, 0x000000070ec00000|  0%| F|  |TAMS 0x000000070ea00000| PB 0x000000070ea00000| Untracked 
| 111|0x000000070ec00000, 0x000000070ec00000, 0x000000070ee00000|  0%| F|  |TAMS 0x000000070ec00000| PB 0x000000070ec00000| Untracked 
| 112|0x000000070ee00000, 0x000000070ee00000, 0x000000070f000000|  0%| F|  |TAMS 0x000000070ee00000| PB 0x000000070ee00000| Untracked 
| 113|0x000000070f000000, 0x000000070f000000, 0x000000070f200000|  0%| F|  |TAMS 0x000000070f000000| PB 0x000000070f000000| Untracked 
| 114|0x000000070f200000, 0x000000070f200000, 0x000000070f400000|  0%| F|  |TAMS 0x000000070f200000| PB 0x000000070f200000| Untracked 
| 115|0x000000070f400000, 0x000000070f400000, 0x000000070f600000|  0%| F|  |TAMS 0x000000070f400000| PB 0x000000070f400000| Untracked 
| 116|0x000000070f600000, 0x000000070f600000, 0x000000070f800000|  0%| F|  |TAMS 0x000000070f600000| PB 0x000000070f600000| Untracked 
| 117|0x000000070f800000, 0x000000070f800000, 0x000000070fa00000|  0%| F|  |TAMS 0x000000070f800000| PB 0x000000070f800000| Untracked 
| 118|0x000000070fa00000, 0x000000070fa00000, 0x000000070fc00000|  0%| F|  |TAMS 0x000000070fa00000| PB 0x000000070fa00000| Untracked 
| 119|0x000000070fc00000, 0x000000070fc00000, 0x000000070fe00000|  0%| F|  |TAMS 0x000000070fc00000| PB 0x000000070fc00000| Untracked 
| 120|0x000000070fe00000, 0x000000070fe00000, 0x0000000710000000|  0%| F|  |TAMS 0x000000070fe00000| PB 0x000000070fe00000| Untracked 
| 121|0x0000000710000000, 0x0000000710000000, 0x0000000710200000|  0%| F|  |TAMS 0x0000000710000000| PB 0x0000000710000000| Untracked 
| 122|0x0000000710200000, 0x00000007103b9788, 0x0000000710400000| 86%| E|  |TAMS 0x0000000710200000| PB 0x0000000710200000| Complete 
| 123|0x0000000710400000, 0x0000000710600000, 0x0000000710600000|100%| E|CS|TAMS 0x0000000710400000| PB 0x0000000710400000| Complete 
| 124|0x0000000710600000, 0x0000000710800000, 0x0000000710800000|100%| E|CS|TAMS 0x0000000710600000| PB 0x0000000710600000| Complete 
| 125|0x0000000710800000, 0x0000000710a00000, 0x0000000710a00000|100%| E|CS|TAMS 0x0000000710800000| PB 0x0000000710800000| Complete 
| 126|0x0000000710a00000, 0x0000000710c00000, 0x0000000710c00000|100%| E|CS|TAMS 0x0000000710a00000| PB 0x0000000710a00000| Complete 
| 127|0x0000000710c00000, 0x0000000710e00000, 0x0000000710e00000|100%| E|CS|TAMS 0x0000000710c00000| PB 0x0000000710c00000| Complete 

Card table byte_map: [0x000002d92af50000,0x000002d92b750000] _byte_map_base: 0x000002d927749000

Marking Bits: (CMBitMap*) 0x000002d918657e20
 Bits: [0x000002d92b750000, 0x000002d92f718000)

Polling page: 0x000002d916450000

Metaspace:

Usage:
  Non-class:     13.39 MB used.
      Class:      1.57 MB used.
       Both:     14.96 MB used.

Virtual space:
  Non-class space:       64.00 MB reserved,      13.50 MB ( 21%) committed,  1 nodes.
      Class space:        1.00 GB reserved,       1.69 MB ( <1%) committed,  1 nodes.
             Both:        1.06 GB reserved,      15.19 MB (  1%) committed. 

Chunk freelists:
   Non-Class:  2.34 MB
       Class:  14.20 MB
        Both:  16.55 MB

MaxMetaspaceSize: unlimited
CompressedClassSpaceSize: 1.00 GB
Initial GC threshold: 21.00 MB
Current GC threshold: 21.00 MB
CDS: off
 - commit_granule_bytes: 65536.
 - commit_granule_words: 8192.
 - virtual_space_node_default_size: 8388608.
 - enlarge_chunks_in_place: 1.
 - use_allocation_guard: 0.


Internal statistics:

num_allocs_failed_limit: 0.
num_arena_births: 224.
num_arena_deaths: 0.
num_vsnodes_births: 2.
num_vsnodes_deaths: 0.
num_space_committed: 243.
num_space_uncommitted: 0.
num_chunks_returned_to_freelist: 0.
num_chunks_taken_from_freelist: 384.
num_chunk_merges: 0.
num_chunk_splits: 212.
num_chunks_enlarged: 96.
num_inconsistent_stats: 0.

CodeHeap 'non-profiled nmethods': size=120000Kb used=316Kb max_used=316Kb free=119683Kb
 bounds [0x000002d923220000, 0x000002d923490000, 0x000002d92a750000]
CodeHeap 'profiled nmethods': size=120000Kb used=1449Kb max_used=1449Kb free=118550Kb
 bounds [0x000002d91b750000, 0x000002d91b9c0000, 0x000002d922c80000]
CodeHeap 'non-nmethods': size=5760Kb used=1390Kb max_used=1404Kb free=4369Kb
 bounds [0x000002d922c80000, 0x000002d922ef0000, 0x000002d923220000]
 total_blobs=1484 nmethods=980 adapters=409
 compilation: enabled
              stopped_count=0, restarted_count=0
 full_count=0

Compilation events (20 events):
Event: 0.494 Thread 0x000002d9360a6180 nmethod 960 0x000002d91b8aec10 code [0x000002d91b8aedc0, 0x000002d91b8aef28]
Event: 0.495 Thread 0x000002d9360a6180  961       3       java.nio.HeapByteBuffer::getLong (30 bytes)
Event: 0.495 Thread 0x000002d9360a6180 nmethod 961 0x000002d91b8af010 code [0x000002d91b8af280, 0x000002d91b8afc70]
Event: 0.495 Thread 0x000002d9360a6180  962   !   3       jdk.internal.misc.ScopedMemoryAccess::getLongUnaligned (18 bytes)
Event: 0.495 Thread 0x000002d9360a6180 nmethod 962 0x000002d91b8b0090 code [0x000002d91b8b0280, 0x000002d91b8b0748]
Event: 0.495 Thread 0x000002d9360a6180  963   !   3       jdk.internal.misc.ScopedMemoryAccess::getLongUnalignedInternal (36 bytes)
Event: 0.496 Thread 0x000002d9360a6180 nmethod 963 0x000002d91b8b0a10 code [0x000002d91b8b0be0, 0x000002d91b8b0f70]
Event: 0.496 Thread 0x000002d9360a6180  964       3       jdk.internal.misc.Unsafe::getLongUnaligned (12 bytes)
Event: 0.496 Thread 0x000002d9360a6180 nmethod 964 0x000002d91b8b1190 code [0x000002d91b8b1340, 0x000002d91b8b1520]
Event: 0.496 Thread 0x000002d9360a6180  965       3       jdk.internal.misc.Unsafe::convEndian (16 bytes)
Event: 0.496 Thread 0x000002d9360a6180 nmethod 965 0x000002d91b8b1610 code [0x000002d91b8b17c0, 0x000002d91b8b1928]
Event: 0.496 Thread 0x000002d9360a6180  966       3       jdk.internal.jimage.decompressor.CompressedResourceHeader::readFromResource (104 bytes)
Event: 0.496 Thread 0x000002d9360a6180 nmethod 966 0x000002d91b8b1a10 code [0x000002d91b8b1cc0, 0x000002d91b8b28b0]
Event: 0.497 Thread 0x000002d9360a6180  967       3       sun.security.util.math.intpoly.IntegerPolynomial25519::carryReduce (639 bytes)
Event: 0.497 Thread 0x000002d9360a6180 nmethod 967 0x000002d91b8b2d10 code [0x000002d91b8b2ec0, 0x000002d91b8b34f0]
Event: 0.497 Thread 0x000002d9360a6180  968       3       sun.security.util.math.intpoly.IntegerPolynomial$MutableElement::setValue (6 bytes)
Event: 0.497 Thread 0x000002d9360a6180 nmethod 968 0x000002d91b8b3790 code [0x000002d91b8b3940, 0x000002d91b8b3a98]
Event: 0.497 Thread 0x000002d9360a6180  969       3       sun.security.util.math.intpoly.IntegerPolynomial$MutableElement::setValue (60 bytes)
Event: 0.498 Thread 0x000002d9360a6180 nmethod 969 0x000002d91b8b3b90 code [0x000002d91b8b3d40, 0x000002d91b8b4020]
Event: 0.498 Thread 0x000002d9360a6180  970       3       sun.security.util.math.intpoly.IntegerPolynomial25519::mult (943 bytes)

GC Heap History (0 events):
No events

Dll operation events (2 events):
Event: 0.007 Loaded shared library C:\Program Files\Android\Android Studio\jbr\bin\java.dll
Event: 0.016 Loaded shared library C:\Program Files\Android\Android Studio\jbr\bin\zip.dll

Deoptimization events (8 events):
Event: 0.232 Thread 0x000002d9185f3720 Uncommon trap: trap_request=0xffffff45 fr.pc=0x000002d923235c94 relative=0x0000000000000074
Event: 0.232 Thread 0x000002d9185f3720 Uncommon trap: reason=unstable_if action=reinterpret pc=0x000002d923235c94 method=java.lang.CharacterDataLatin1.toLowerCase(I)I @ 16 c2
Event: 0.232 Thread 0x000002d9185f3720 DEOPT PACKING pc=0x000002d923235c94 sp=0x000000fca8dfada0
Event: 0.233 Thread 0x000002d9185f3720 DEOPT UNPACKING pc=0x000002d922cd46a2 sp=0x000000fca8dfad30 mode 2
Event: 0.393 Thread 0x000002d9185f3720 DEOPT PACKING pc=0x000002d91b76824c sp=0x000000fca8dfa920
Event: 0.393 Thread 0x000002d9185f3720 DEOPT UNPACKING pc=0x000002d922cd4e42 sp=0x000000fca8df9d40 mode 0
Event: 0.429 Thread 0x000002d9185f3720 DEOPT PACKING pc=0x000002d91b7669cc sp=0x000000fca8dfa050
Event: 0.429 Thread 0x000002d9185f3720 DEOPT UNPACKING pc=0x000002d922cd4e42 sp=0x000000fca8df94b8 mode 0

Classes loaded (20 events):
Event: 0.493 Loading class sun/security/ssl/ECDHKeyExchange
Event: 0.493 Loading class sun/security/ssl/ECDHKeyExchange done
Event: 0.493 Loading class sun/security/ssl/ECDHKeyExchange$ECDHEPossessionGenerator
Event: 0.493 Loading class sun/security/ssl/ECDHKeyExchange$ECDHEPossessionGenerator done
Event: 0.493 Loading class sun/security/ssl/ECDHKeyExchange$ECDHKAGenerator
Event: 0.493 Loading class sun/security/ssl/ECDHKeyExchange$ECDHKAGenerator done
Event: 0.493 Loading class sun/security/ssl/ECDHKeyExchange$ECDHEKAGenerator
Event: 0.493 Loading class sun/security/ssl/ECDHKeyExchange$ECDHEKAGenerator done
Event: 0.493 Loading class sun/security/ssl/ECDHKeyExchange$ECDHEXDHKAGenerator
Event: 0.494 Loading class sun/security/ssl/ECDHKeyExchange$ECDHEXDHKAGenerator done
Event: 0.494 Loading class sun/security/ssl/XDHKeyExchange$XDHEPossession
Event: 0.494 Loading class sun/security/ssl/XDHKeyExchange$XDHEPossession done
Event: 0.495 Loading class sun/security/jca/JCAUtil
Event: 0.495 Loading class sun/security/jca/JCAUtil done
Event: 0.496 Loading class sun/security/jca/JCAUtil$CachedSecureRandomHolder
Event: 0.496 Loading class sun/security/jca/JCAUtil$CachedSecureRandomHolder done
Event: 0.496 Loading class sun/security/util/math/intpoly/IntegerPolynomial$MutableElement
Event: 0.496 Loading class sun/security/util/math/MutableIntegerModuloP
Event: 0.496 Loading class sun/security/util/math/MutableIntegerModuloP done
Event: 0.496 Loading class sun/security/util/math/intpoly/IntegerPolynomial$MutableElement done

Classes unloaded (0 events):
No events

Classes redefined (0 events):
No events

Internal exceptions (20 events):
Event: 0.336 Thread 0x000002d9185f3720 Exception <a 'java/lang/NoSuchMethodError'{0x000000071099be28}: 'int java.lang.invoke.DirectMethodHandle$Holder.invokeVirtual(java.lang.Object, java.lang.Object)'> (0x000000071099be28) 
thrown [s\src\hotspot\share\interpreter\linkResolver.cpp, line 784]
Event: 0.336 Thread 0x000002d9185f3720 Exception <a 'java/lang/NoSuchMethodError'{0x00000007109a01d0}: 'int java.lang.invoke.DirectMethodHandle$Holder.invokeStaticInit(java.lang.Object, int, int)'> (0x00000007109a01d0) 
thrown [s\src\hotspot\share\interpreter\linkResolver.cpp, line 784]
Event: 0.337 Thread 0x000002d9185f3720 Exception <a 'java/lang/NoSuchMethodError'{0x00000007109a77e0}: 'int java.lang.invoke.DirectMethodHandle$Holder.invokeStaticInit(java.lang.Object, long, long)'> (0x00000007109a77e0) 
thrown [s\src\hotspot\share\interpreter\linkResolver.cpp, line 784]
Event: 0.338 Thread 0x000002d9185f3720 Exception <a 'java/lang/NoSuchMethodError'{0x00000007109ae278}: 'int java.lang.invoke.DirectMethodHandle$Holder.invokeStaticInit(java.lang.Object, float, float)'> (0x00000007109ae278) 
thrown [s\src\hotspot\share\interpreter\linkResolver.cpp, line 784]
Event: 0.338 Thread 0x000002d9185f3720 Exception <a 'java/lang/NoSuchMethodError'{0x00000007109b4e30}: 'int java.lang.invoke.DirectMethodHandle$Holder.invokeStaticInit(java.lang.Object, double, double)'> (0x00000007109b4e30) 
thrown [s\src\hotspot\share\interpreter\linkResolver.cpp, line 784]
Event: 0.338 Thread 0x000002d9185f3720 Exception <a 'java/lang/NoSuchMethodError'{0x00000007109b94b8}: 'int java.lang.invoke.DirectMethodHandle$Holder.invokeStatic(java.lang.Object, long)'> (0x00000007109b94b8) 
thrown [s\src\hotspot\share\interpreter\linkResolver.cpp, line 784]
Event: 0.343 Thread 0x000002d9185f3720 Exception <a 'java/lang/NoSuchMethodError'{0x00000007109e6608}: 'java.lang.Object java.lang.invoke.DelegatingMethodHandle$Holder.delegate(java.lang.Object, int, java.lang.Object, java.lang.Object)'> (0x00000007109e6608) 
thrown [s\src\hotspot\share\interpreter\linkResolver.cpp, line 784]
Event: 0.345 Thread 0x000002d9185f3720 Exception <a 'java/lang/NoSuchMethodError'{0x00000007109f5928}: 'int java.lang.invoke.Invokers$Holder.linkToTargetMethod(java.lang.Object, java.lang.Object, java.lang.Object)'> (0x00000007109f5928) 
thrown [s\src\hotspot\share\interpreter\linkResolver.cpp, line 784]
Event: 0.348 Thread 0x000002d9185f3720 Exception <a 'java/lang/NoSuchMethodError'{0x0000000710624b88}: 'long java.lang.invoke.DirectMethodHandle$Holder.invokeSpecial(java.lang.Object, java.lang.Object)'> (0x0000000710624b88) 
thrown [s\src\hotspot\share\interpreter\linkResolver.cpp, line 784]
Event: 0.349 Thread 0x000002d9185f3720 Exception <a 'java/lang/NoSuchMethodError'{0x000000071062b458}: 'int java.lang.invoke.DirectMethodHandle$Holder.invokeStatic(java.lang.Object, java.lang.Object, java.lang.Object, java.lang.Object)'> (0x000000071062b458) 
thrown [s\src\hotspot\share\interpreter\linkResolver.cpp, line 784]
Event: 0.349 Thread 0x000002d9185f3720 Exception <a 'java/lang/NoSuchMethodError'{0x000000071062e878}: 'java.lang.Object java.lang.invoke.Invokers$Holder.invokeExact_MT(java.lang.Object, java.lang.Object, java.lang.Object, java.lang.Object, java.lang.Object, java.lang.Object)'> (0x000000071062e878) 
thrown [s\src\hotspot\share\interpreter\linkResolver.cpp, line 784]
Event: 0.415 Thread 0x000002d9185f3720 Exception <a 'java/lang/NoSuchMethodError'{0x00000007107a6a18}: 'java.lang.Object java.lang.invoke.DirectMethodHandle$Holder.newInvokeSpecial(java.lang.Object, java.lang.Object, java.lang.Object, java.lang.Object, java.lang.Object)'> (0x00000007107a6a18) 
thrown [s\src\hotspot\share\interpreter\linkResolver.cpp, line 784]
Event: 0.441 Thread 0x000002d9185f3720 Exception <a 'java/lang/NoSuchMethodError'{0x0000000710541030}: 'java.lang.Object java.lang.invoke.DirectMethodHandle$Holder.invokeSpecial(java.lang.Object, java.lang.Object, java.lang.Object, java.lang.Object, int)'> (0x0000000710541030) 
thrown [s\src\hotspot\share\interpreter\linkResolver.cpp, line 784]
Event: 0.441 Thread 0x000002d9185f3720 Exception <a 'java/lang/NoSuchMethodError'{0x0000000710544998}: 'java.lang.Object java.lang.invoke.Invokers$Holder.linkToTargetMethod(java.lang.Object, java.lang.Object, int, java.lang.Object)'> (0x0000000710544998) 
thrown [s\src\hotspot\share\interpreter\linkResolver.cpp, line 784]
Event: 0.446 Thread 0x000002d9185f3720 Exception <a 'java/lang/NoSuchMethodError'{0x000000071056fc78}: 'void java.lang.invoke.DirectMethodHandle$Holder.invokeSpecial(java.lang.Object, java.lang.Object, java.lang.Object)'> (0x000000071056fc78) 
thrown [s\src\hotspot\share\interpreter\linkResolver.cpp, line 784]
Event: 0.458 Thread 0x000002d936759240 Exception <a 'java/lang/NoSuchMethodError'{0x00000007107d2f28}: 'void java.lang.invoke.DirectMethodHandle$Holder.invokeStatic(java.lang.Object, java.lang.Object, int)'> (0x00000007107d2f28) 
thrown [s\src\hotspot\share\interpreter\linkResolver.cpp, line 784]
Event: 0.459 Thread 0x000002d9185f3720 Exception <a 'java/lang/NoSuchMethodError'{0x00000007105f5be8}: 'void java.lang.invoke.DirectMethodHandle$Holder.invokeSpecial(java.lang.Object, java.lang.Object, java.lang.Object, java.lang.Object, java.lang.Object)'> (0x00000007105f5be8) 
thrown [s\src\hotspot\share\interpreter\linkResolver.cpp, line 784]
Event: 0.464 Thread 0x000002d936759240 Exception <a 'java/lang/NoSuchMethodError'{0x0000000710258108}: 'void java.lang.invoke.DirectMethodHandle$Holder.invokeStatic(java.lang.Object, java.lang.Object)'> (0x0000000710258108) 
thrown [s\src\hotspot\share\interpreter\linkResolver.cpp, line 784]
Event: 0.465 Thread 0x000002d936785e50 Exception <a 'java/lang/NoSuchMethodError'{0x000000071029a468}: 'void java.lang.invoke.DirectMethodHandle$Holder.invokeInterface(java.lang.Object, java.lang.Object, java.lang.Object)'> (0x000000071029a468) 
thrown [s\src\hotspot\share\interpreter\linkResolver.cpp, line 784]
Event: 0.470 Thread 0x000002d936785e50 Exception <a 'java/lang/NoSuchMethodError'{0x00000007102e0480}: 'void java.lang.invoke.DirectMethodHandle$Holder.invokeVirtual(java.lang.Object, java.lang.Object)'> (0x00000007102e0480) 
thrown [s\src\hotspot\share\interpreter\linkResolver.cpp, line 784]

ZGC Phase Switch (0 events):
No events

VM Operations (6 events):
Event: 0.116 Executing VM operation: HandshakeAllThreads (Deoptimize)
Event: 0.116 Executing VM operation: HandshakeAllThreads (Deoptimize) done
Event: 0.125 Executing VM operation: HandshakeAllThreads (Deoptimize)
Event: 0.125 Executing VM operation: HandshakeAllThreads (Deoptimize) done
Event: 0.285 Executing VM operation: HandshakeAllThreads (Deoptimize)
Event: 0.285 Executing VM operation: HandshakeAllThreads (Deoptimize) done

Memory protections (0 events):
No events

Nmethod flushes (0 events):
No events

Events (19 events):
Event: 0.015 Thread 0x000002d9185f3720 Thread added: 0x000002d9185f3720
Event: 0.060 Thread 0x000002d9185f3720 Thread added: 0x000002d93606d850
Event: 0.061 Thread 0x000002d9185f3720 Thread added: 0x000002d93606e3a0
Event: 0.062 Thread 0x000002d9185f3720 Thread added: 0x000002d93606f190
Event: 0.062 Thread 0x000002d9185f3720 Thread added: 0x000002d93606fbe0
Event: 0.062 Thread 0x000002d9185f3720 Thread added: 0x000002d93609fe30
Event: 0.062 Thread 0x000002d9185f3720 Thread added: 0x000002d936084800
Event: 0.062 Thread 0x000002d9185f3720 Thread added: 0x000002d936085580
Event: 0.062 Thread 0x000002d9185f3720 Thread added: 0x000002d9360a6180
Event: 0.090 Thread 0x000002d9185f3720 Thread added: 0x000002d93623cfd0
Event: 0.095 Thread 0x000002d9185f3720 Thread added: 0x000002d93623ec10
Event: 0.102 Loaded shared library C:\Program Files\Android\Android Studio\jbr\bin\net.dll
Event: 0.104 Loaded shared library C:\Program Files\Android\Android Studio\jbr\bin\nio.dll
Event: 0.112 Loaded shared library C:\Program Files\Android\Android Studio\jbr\bin\zip.dll
Event: 0.181 Loaded shared library C:\Program Files\Android\Android Studio\jbr\bin\jimage.dll
Event: 0.405 Loaded shared library C:\Program Files\Android\Android Studio\jbr\bin\extnet.dll
Event: 0.411 Thread 0x000002d9185f3720 Thread added: 0x000002d936759240
Event: 0.464 Thread 0x000002d936759240 Thread added: 0x000002d936785e50
Event: 0.476 Thread 0x000002d936759240 Thread added: 0x000002d9367b8110


Dynamic libraries:
0x00007ff6f9e30000 - 0x00007ff6f9e3a000 	C:\Program Files\Android\Android Studio\jbr\bin\java.exe
0x00007ff8016f0000 - 0x00007ff8018e8000 	C:\Windows\SYSTEM32\ntdll.dll
0x00007fffd7f60000 - 0x00007fffd7f7a000 	C:\Program Files\Norton\Suite\aswhook.dll
0x00007ff8015e0000 - 0x00007ff8016a2000 	C:\Windows\System32\KERNEL32.DLL
0x00007ffffed50000 - 0x00007fffff046000 	C:\Windows\System32\KERNELBASE.dll
0x00007fffff320000 - 0x00007fffff420000 	C:\Windows\System32\ucrtbase.dll
0x00007ffff32b0000 - 0x00007ffff32cb000 	C:\Program Files\Android\Android Studio\jbr\bin\VCRUNTIME140.dll
0x00007ffffbf40000 - 0x00007ffffbf58000 	C:\Program Files\Android\Android Studio\jbr\bin\jli.dll
0x00007fffff920000 - 0x00007fffffabd000 	C:\Windows\System32\USER32.dll
0x00007ff800020000 - 0x00007ff800042000 	C:\Windows\System32\win32u.dll
0x00007fffe4d20000 - 0x00007fffe4fba000 	C:\Windows\WinSxS\amd64_microsoft.windows.common-controls_6595b64144ccf1df_6.0.19041.4355_none_60b8b9eb71f62e16\COMCTL32.dll
0x00007ff800d30000 - 0x00007ff800d5b000 	C:\Windows\System32\GDI32.dll
0x00007ff8007f0000 - 0x00007ff80088e000 	C:\Windows\System32\msvcrt.dll
0x00007fffff0a0000 - 0x00007fffff1ba000 	C:\Windows\System32\gdi32full.dll
0x00007fffff1f0000 - 0x00007fffff28d000 	C:\Windows\System32\msvcp_win.dll
0x00007ff800890000 - 0x00007ff8008bf000 	C:\Windows\System32\IMM32.DLL
0x00007ffffa350000 - 0x00007ffffa35c000 	C:\Program Files\Android\Android Studio\jbr\bin\vcruntime140_1.dll
0x00007fffe7050000 - 0x00007fffe70dd000 	C:\Program Files\Android\Android Studio\jbr\bin\msvcp140.dll
0x00007fff757b0000 - 0x00007fff7643b000 	C:\Program Files\Android\Android Studio\jbr\bin\server\jvm.dll
0x00007ff801530000 - 0x00007ff8015df000 	C:\Windows\System32\ADVAPI32.dll
0x00007ff801490000 - 0x00007ff80152f000 	C:\Windows\System32\sechost.dll
0x00007ff800dc0000 - 0x00007ff800ee3000 	C:\Windows\System32\RPCRT4.dll
0x00007fffff1c0000 - 0x00007fffff1e7000 	C:\Windows\System32\bcrypt.dll
0x00007ff800920000 - 0x00007ff80098b000 	C:\Windows\System32\WS2_32.dll
0x00007ffffeb20000 - 0x00007ffffeb6b000 	C:\Windows\SYSTEM32\POWRPROF.dll
0x00007ffff4d20000 - 0x00007ffff4d47000 	C:\Windows\SYSTEM32\WINMM.dll
0x00007ffff9210000 - 0x00007ffff921a000 	C:\Windows\SYSTEM32\VERSION.dll
0x00007ffffeb00000 - 0x00007ffffeb12000 	C:\Windows\SYSTEM32\UMPDC.dll
0x00007ffffcc10000 - 0x00007ffffcc22000 	C:\Windows\SYSTEM32\kernel.appcore.dll
0x00007ffff3ce0000 - 0x00007ffff3cea000 	C:\Program Files\Android\Android Studio\jbr\bin\jimage.dll
0x00007ffff8200000 - 0x00007ffff83e4000 	C:\Windows\SYSTEM32\DBGHELP.DLL
0x00007ffff8030000 - 0x00007ffff8064000 	C:\Windows\SYSTEM32\dbgcore.DLL
0x00007fffff290000 - 0x00007fffff312000 	C:\Windows\System32\bcryptPrimitives.dll
0x00007ffff2a50000 - 0x00007ffff2a70000 	C:\Program Files\Android\Android Studio\jbr\bin\java.dll
0x00007ffff0a30000 - 0x00007ffff0a48000 	C:\Program Files\Android\Android Studio\jbr\bin\zip.dll
0x00007ff800070000 - 0x00007ff8007df000 	C:\Windows\System32\SHELL32.dll
0x00007ffffce10000 - 0x00007ffffd5b3000 	C:\Windows\SYSTEM32\windows.storage.dll
0x00007ff801130000 - 0x00007ff801485000 	C:\Windows\System32\combase.dll
0x00007ffffe6d0000 - 0x00007ffffe6fb000 	C:\Windows\SYSTEM32\Wldp.dll
0x00007ff800c60000 - 0x00007ff800d2d000 	C:\Windows\System32\OLEAUT32.dll
0x00007ff800fa0000 - 0x00007ff80104d000 	C:\Windows\System32\SHCORE.dll
0x00007ff8008c0000 - 0x00007ff800915000 	C:\Windows\System32\shlwapi.dll
0x00007ffffeca0000 - 0x00007ffffecc5000 	C:\Windows\SYSTEM32\profapi.dll
0x00007ffff3620000 - 0x00007ffff3630000 	C:\Program Files\Android\Android Studio\jbr\bin\net.dll
0x00007ffff9320000 - 0x00007ffff942a000 	C:\Windows\SYSTEM32\WINHTTP.dll
0x00007ffffe430000 - 0x00007ffffe49c000 	C:\Windows\system32\mswsock.dll
0x00007fffee260000 - 0x00007fffee276000 	C:\Program Files\Android\Android Studio\jbr\bin\nio.dll
0x00007ffffe620000 - 0x00007ffffe638000 	C:\Windows\SYSTEM32\CRYPTSP.dll
0x00007ffffdd50000 - 0x00007ffffdd88000 	C:\Windows\system32\rsaenh.dll
0x00007ffffec20000 - 0x00007ffffec4e000 	C:\Windows\SYSTEM32\USERENV.dll
0x00007ffffe640000 - 0x00007ffffe64c000 	C:\Windows\SYSTEM32\CRYPTBASE.dll
0x00007ffffe110000 - 0x00007ffffe14b000 	C:\Windows\SYSTEM32\IPHLPAPI.DLL
0x00007ff8007e0000 - 0x00007ff8007e8000 	C:\Windows\System32\NSI.dll
0x00007ffff0990000 - 0x00007ffff0997000 	C:\Windows\system32\wshunix.dll
0x00007fffedac0000 - 0x00007fffedac9000 	C:\Program Files\Android\Android Studio\jbr\bin\extnet.dll

dbghelp: loaded successfully - version: 4.0.5 - missing functions: none
symbol engine: initialized successfully - sym options: 0x614 - pdb path: .;C:\Program Files\Android\Android Studio\jbr\bin;C:\Windows\SYSTEM32;C:\Program Files\Norton\Suite;C:\Windows\WinSxS\amd64_microsoft.windows.common-controls_6595b64144ccf1df_6.0.19041.4355_none_60b8b9eb71f62e16;C:\Program Files\Android\Android Studio\jbr\bin\server

VM Arguments:
java_command: git4idea.http.GitAskPassApp Username for 'https://github.com': 
java_class_path (initial): C:/Program Files/Android/Android Studio/plugins/vcs-git/lib/git4idea-rt.jar;C:/Program Files/Android/Android Studio/lib/externalProcess-rt.jar
Launcher Type: SUN_STANDARD

[Global flags]
     intx CICompilerCount                          = 3                                         {product} {ergonomic}
     uint ConcGCThreads                            = 1                                         {product} {ergonomic}
     uint G1ConcRefinementThreads                  = 4                                         {product} {ergonomic}
   size_t G1HeapRegionSize                         = 2097152                                   {product} {ergonomic}
    uintx GCDrainStackTargetSize                   = 64                                        {product} {ergonomic}
   size_t InitialHeapSize                          = 268435456                                 {product} {ergonomic}
   size_t MarkStackSize                            = 4194304                                   {product} {ergonomic}
   size_t MaxHeapSize                              = 4280287232                                {product} {ergonomic}
   size_t MaxNewSize                               = 2566914048                                {product} {ergonomic}
   size_t MinHeapDeltaBytes                        = 2097152                                   {product} {ergonomic}
   size_t MinHeapSize                              = 8388608                                   {product} {ergonomic}
    uintx NonNMethodCodeHeapSize                   = 5832780                                {pd product} {ergonomic}
    uintx NonProfiledCodeHeapSize                  = 122912730                              {pd product} {ergonomic}
    uintx ProfiledCodeHeapSize                     = 122912730                              {pd product} {ergonomic}
    uintx ReservedCodeCacheSize                    = 251658240                              {pd product} {ergonomic}
     bool SegmentedCodeCache                       = true                                      {product} {ergonomic}
   size_t SoftMaxHeapSize                          = 4280287232                             {manageable} {ergonomic}
     bool UseCompressedOops                        = true                           {product lp64_product} {ergonomic}
     bool UseG1GC                                  = true                                      {product} {ergonomic}
     bool UseLargePagesIndividualAllocation        = false                                  {pd product} {ergonomic}

Logging:
Log output configuration:
 #0: stdout all=warning uptime,level,tags foldmultilines=false
 #1: stderr all=off uptime,level,tags foldmultilines=false

Environment Variables:
PATH=C:\Program Files\Git\mingw64\libexec\git-core;C:\Program Files\Git\mingw64\libexec\git-core;C:\Program Files\Git\mingw64\bin;C:\Program Files\Git\usr\bin;C:\Users\shail\bin;C:\Windows\system32;C:\Windows;C:\Windows\System32\Wbem;C:\Windows\System32\WindowsPowerShell\v1.0;C:\Windows\System32\OpenSSH;C:\Program Files (x86)\NVIDIA Corporation\PhysX\Common;C:\Program Files\Git\cmd;C:\Users\shail\AppData\Local\Microsoft\WindowsApps
USERNAME=shail
DISPLAY=:0.0
LC_ALL=en_US.UTF-8
TERM=xterm-256color
TMPDIR=C:\Users\shail\AppData\Local\Temp
OS=Windows_NT
PROCESSOR_IDENTIFIER=Intel64 Family 6 Model 60 Stepping 3, GenuineIntel
TMP=C:\Users\shail\AppData\Local\Temp
TEMP=C:\Users\shail\AppData\Local\Temp




Periodic native trim disabled

JNI global refs:
JNI global refs: 18, weak refs: 0

JNI global refs memory usage: 835, weak refs: 833

Process memory usage:
Resident Set Size: 66116K (0% of 16714220K total physical memory with 659300K free physical memory)

OOME stack traces (most recent first):
Classloader memory used:
